Build started 6/11/2015 11:52:08 PM.
     1>Project "C:\Temp\Rumble-Assignment-2-\Game Start\Game Start.vcxproj" on node 2 (build target(s)).
     1>InitializeBuildStatus:
         Touching "Release\Game Start.unsuccessfulbuild".
       ClCompile:
         All outputs are up-to-date.
       Link:
         C:\Program Files (x86)\Microsoft Visual Studio 10.0\VC\bin\link.exe /ERRORREPORT:PROMPT /OUT:"C:\Temp\Rumble-Assignment-2-\Release\Game Start.exe" /INCREMENTAL:NO /NOLOGO /LIBPATH:"D:\SFML-2.3.2\lib" "sfml-graphics.lib" "sfml-window.lib" "sfml-system.lib" "sfml-audio.lib" kernel32.lib user32.lib gdi32.lib winspool.lib comdlg32.lib advapi32.lib shell32.lib ole32.lib oleaut32.lib uuid.lib odbc32.lib odbccp32.lib /MANIFEST /ManifestFile:"Release\Game Start.exe.intermediate.manifest" /MANIFESTUAC:"level='asInvoker' uiAccess='false'" /DEBUG /PDB:"C:\Temp\Rumble-Assignment-2-\Release\Game Start.pdb" /SUBSYSTEM:CONSOLE /OPT:REF /OPT:ICF /LTCG /TLBID:1 /DYNAMICBASE /NXCOMPAT /IMPLIB:"C:\Temp\Rumble-Assignment-2-\Release\Game Start.lib" /MACHINE:X86 Release\Assets.obj
         Release\Character.obj
         Release\ChatBox.obj
         Release\Enemy.obj
         Release\Hud.obj
         Release\Main.obj
         Release\Map.obj
         Release\Player.obj
         Release\projectile.obj
     1>ChatBox.obj : error LNK2001: unresolved external symbol "public: static class sf::Color const sf::Color::White" (?White@Color@sf@@2V12@B)
     1>ChatBox.obj : error LNK2001: unresolved external symbol "public: static class sf::RenderStates const sf::RenderStates::Default" (?Default@RenderStates@sf@@2V12@B)
     1>ChatBox.obj : error LNK2001: unresolved external symbol "public: static class sf::Color const sf::Color::Black" (?Black@Color@sf@@2V12@B)
     1>Main.obj : error LNK2001: unresolved external symbol "public: static class sf::Color const sf::Color::Cyan" (?Cyan@Color@sf@@2V12@B)
     1>Main.obj : error LNK2001: unresolved external symbol "public: static class sf::Color const sf::Color::Transparent" (?Transparent@Color@sf@@2V12@B)
     1>Main.obj : error LNK2001: unresolved external symbol "public: static class sf::Time const sf::Time::Zero" (?Zero@Time@sf@@2V12@B)
     1>C:\Temp\Rumble-Assignment-2-\Release\Game Start.exe : fatal error LNK1120: 6 unresolved externals
     1>Done Building Project "C:\Temp\Rumble-Assignment-2-\Game Start\Game Start.vcxproj" (build target(s)) -- FAILED.

Build FAILED.

Time Elapsed 00:00:00.53
